Buildfile: file:///D:/development/C%23Stuff/MarsRover/default.build
Target framework: Microsoft .NET Framework 4.0
Target(s) specified: test 


clean:

   [delete] Deleting directory 'D:\development\C#Stuff\MarsRover\build'.

init:

    [mkdir] Creating directory 'D:\development\C#Stuff\MarsRover\build'.

compile:

      [csc] Compiling 6 files to 'D:\development\C#Stuff\MarsRover\build\MarsRover.dll'.

test.compile:

      [csc] Compiling 4 files to 'D:\development\C#Stuff\MarsRover\build\MarsRover.test.dll'.

test:

     [copy] Copying 13 files to 'D:\development\C#Stuff\MarsRover\build'.
     [copy] Copying 1 file to 'D:\development\C#Stuff\MarsRover\build'.
     [exec] ProcessModel: Default    DomainUsage: Single
     [exec] Execution Runtime: Default
     [exec] ***** test.RoverCommandFactoryTests.Should_Pass
     [exec] ***** test.RoverCommandFactoryTests.Should_Return_New_Rover_Command_Object
     [exec] ***** test.RoverCommandTests.GetAllRoverLocations_Should_Return_Original_Locations
     [exec] ***** test.RoverCommandTests.Should_Create_RoverCommand
     [exec] ***** test.RoverTests.CurrentPosition_Should_Return_Current_Position
     [exec] ***** test.RoverTests.GetX_Should_Return_X_Value
     [exec] ***** test.RoverTests.GetY_Should_Return_Y_Value
     [exec] ***** test.RoverTests.Go_Should_Change_Current_Position
     [exec] ***** test.RoverTests.Go_Should_Kill_Rover_If_It_Goes_Off_Of_Plateau
     [exec] ***** test.RoverTests.Go_Should_Not_Throw_When_Lower_Case_Input_Given
     [exec] ***** test.RoverTests.Rover_Can_Be_At_Very_Edge_Of_Plateau
     [exec] ***** test.RoverTests.Rover_Stays_Dead_Even_If_Instructions_Bring_It_Back_On_To_Plateau
     [exec] 
     [exec] Tests run: 12, Errors: 0, Failures: 0, Inconclusive: 0, Time: 0.3940225 seconds
     [exec]   Not run: 0, Invalid: 0, Ignored: 0, Skipped: 0
     [exec] 

BUILD SUCCEEDED

Total time: 2.2 seconds.

